mixare/build/outputs/logs/manifest-merger-release-report.txt
-- Merging decision tree log ---
manifest
ADDED from src\main\AndroidManifest.xml:2:1-84:12
	xmlns:tools
		ADDED from src\main\AndroidManifest.xml:4:2-48
	xmlns:android
		ADDED from src\main\AndroidManifest.xml:2:11-69
	package
		ADDED from src\main\AndroidManifest.xml:3:60-80
		INJECTED from src\main\AndroidManifest.xml
		INJECTED from src\main\AndroidManifest.xml
	android:versionName
		ADDED from src\main\AndroidManifest.xml:3:32-59
		INJECTED from src\main\AndroidManifest.xml
		INJECTED from src\main\AndroidManifest.xml
	android:versionCode
		ADDED from src\main\AndroidManifest.xml:3:7-31
		INJECTED from src\main\AndroidManifest.xml
		INJECTED from src\main\AndroidManifest.xml
	android:installLocation
		ADDED from src\main\AndroidManifest.xml:3:81-111
uses-sdk
ADDED from src\main\AndroidManifest.xml:6:5-72
MERGED from [AndroidAR_test_3:mixarelib:unspecified] AndroidManifest.xml:7:5-9:40
	android:targetSdkVersion
		ADDED from src\main\AndroidManifest.xml:6:41-70
		INJECTED from src\main\AndroidManifest.xml
		INJECTED from src\main\AndroidManifest.xml
	android:minSdkVersion
		ADDED from src\main\AndroidManifest.xml:6:15-40
		INJECTED from src\main\AndroidManifest.xml
		INJECTED from src\main\AndroidManifest.xml
uses-permission#android.permission.ACCESS_FINE_LOCATION
ADDED from src\main\AndroidManifest.xml:8:2-76
	android:name
		ADDED from src\main\AndroidManifest.xml:8:19-73
uses-permission#android.permission.INTERNET
ADDED from src\main\AndroidManifest.xml:9:2-64
	android:name
		ADDED from src\main\AndroidManifest.xml:9:19-61
uses-permission#android.permission.CAMERA
ADDED from src\main\AndroidManifest.xml:10:2-62
	android:name
		ADDED from src\main\AndroidManifest.xml:10:19-59
uses-feature#android.hardware.camera.autofocus
ADDED from src\main\AndroidManifest.xml:11:2-105
	android:required
		ADDED from src\main\AndroidManifest.xml:11:16-40
	android:name
		ADDED from src\main\AndroidManifest.xml:11:41-89
uses-feature#android.hardware.camera.flash
ADDED from src\main\AndroidManifest.xml:12:2-101
	android:required
		ADDED from src\main\AndroidManifest.xml:12:16-40
	android:name
		ADDED from src\main\AndroidManifest.xml:12:41-85
uses-feature#android.hardware.camera.front
ADDED from src\main\AndroidManifest.xml:13:2-101
	android:required
		ADDED from src\main\AndroidManifest.xml:13:16-40
	android:name
		ADDED from src\main\AndroidManifest.xml:13:41-85
uses-permission#android.permission.WAKE_LOCK
ADDED from src\main\AndroidManifest.xml:14:2-81
	android:name
		ADDED from src\main\AndroidManifest.xml:14:19-62
supports-screens
ADDED from src\main\AndroidManifest.xml:16:2-151
	android:largeScreens
		ADDED from src\main\AndroidManifest.xml:16:103-130
	android:anyDensity
		ADDED from src\main\AndroidManifest.xml:16:20-45
	android:normalScreens
		ADDED from src\main\AndroidManifest.xml:16:74-102
	android:smallScreens
		ADDED from src\main\AndroidManifest.xml:16:46-73
application
ADDED from src\main\AndroidManifest.xml:19:5-82:15
MERGED from [AndroidAR_test_3:mixarelib:unspecified] AndroidManifest.xml:11:5-12:19
	android:label
		ADDED from src\main\AndroidManifest.xml:19:18-50
		REJECTED from [AndroidAR_test_3:mixarelib:unspecified] AndroidManifest.xml:11:18-43
	android:icon
		ADDED from src\main\AndroidManifest.xml:19:51-87
	tools:replace
		ADDED from src\main\AndroidManifest.xml:20:3-45
uses-library#com.google.android.maps
ADDED from src\main\AndroidManifest.xml:21:6-61
	android:name
		ADDED from src\main\AndroidManifest.xml:21:20-58
activity#org.mixare.MixView
ADDED from src\main\AndroidManifest.xml:31:9-51:20
	android:screenOrientation
		ADDED from src\main\AndroidManifest.xml:32:9-46
	android:label
		ADDED from src\main\AndroidManifest.xml:31:19-51
	android:name
		ADDED from src\main\AndroidManifest.xml:31:52-75
	android:launchMode
		ADDED from src\main\AndroidManifest.xml:33:9-39
intent-filter#android.intent.action.VIEW+android.intent.category.BROWSABLE+android.intent.category.DEFAULT
ADDED from src\main\AndroidManifest.xml:35:13-42:29
action#android.intent.action.VIEW
ADDED from src\main\AndroidManifest.xml:36:19-71
	android:name
		ADDED from src\main\AndroidManifest.xml:36:27-68
category#android.intent.category.DEFAULT
ADDED from src\main\AndroidManifest.xml:37:7-66
	android:name
		ADDED from src\main\AndroidManifest.xml:37:17-63
category#android.intent.category.BROWSABLE
ADDED from src\main\AndroidManifest.xml:38:7-68
	android:name
		ADDED from src\main\AndroidManifest.xml:38:17-65
data
ADDED from src\main\AndroidManifest.xml:39:7-79
	android:mimeType
		ADDED from src\main\AndroidManifest.xml:39:35-77
	android:scheme
		ADDED from src\main\AndroidManifest.xml:39:13-34
intent-filter#android.intent.action.SEARCH
ADDED from src\main\AndroidManifest.xml:44:13-46:26
action#android.intent.action.SEARCH
ADDED from src\main\AndroidManifest.xml:45:14-67
	android:name
		ADDED from src\main\AndroidManifest.xml:45:22-65
meta-data#android.app.searchable
ADDED from src\main\AndroidManifest.xml:47:10-48:57
	android:resource
		ADDED from src\main\AndroidManifest.xml:48:21-55
	android:name
		ADDED from src\main\AndroidManifest.xml:47:21-58
meta-data#android.app.default_searchable
ADDED from src\main\AndroidManifest.xml:49:13-50:45
	android:name
		ADDED from src\main\AndroidManifest.xml:49:24-69
	android:value
		ADDED from src\main\AndroidManifest.xml:50:18-42
activity#org.mixare.PluginLoaderActivity
ADDED from src\main\AndroidManifest.xml:53:3-57:14
	android:name
		ADDED from src\main\AndroidManifest.xml:53:13-48
intent-filter#android.intent.action.MAIN
ADDED from src\main\AndroidManifest.xml:54:7-56:24
action#android.intent.action.MAIN
ADDED from src\main\AndroidManifest.xml:55:12-64
	android:name
		ADDED from src\main\AndroidManifest.xml:55:20-61
activity#org.mixare.MixListView
ADDED from src\main\AndroidManifest.xml:59:3-67:14
	android:screenOrientation
		ADDED from src\main\AndroidManifest.xml:60:4-36
	android:name
		ADDED from src\main\AndroidManifest.xml:59:13-39
	android:launchMode
		ADDED from src\main\AndroidManifest.xml:61:4-34
activity#org.mixare.MixMap
ADDED from src\main\AndroidManifest.xml:69:3-77:14
	android:screenOrientation
		ADDED from src\main\AndroidManifest.xml:70:4-36
	android:name
		ADDED from src\main\AndroidManifest.xml:69:13-34
	android:launchMode
		ADDED from src\main\AndroidManifest.xml:71:4-34
activity#org.mixare.data.DataSource
ADDED from src\main\AndroidManifest.xml:78:4-48
	android:name
		ADDED from src\main\AndroidManifest.xml:78:14-45
activity#org.mixare.data.DataSourceList
ADDED from src\main\AndroidManifest.xml:79:4-52
	android:name
		ADDED from src\main\AndroidManifest.xml:79:14-49